Added Component: Designator=D1(DIODE-0.4)
Added Component: Designator=P1(MHDR2X13)
Added Component: Designator=P2(MHDR2X13)
Added Component: Designator=P3(MHDR2X5)
Added Component: Designator=P4(MHDR1X4)
Added Component: Designator=P5(HDR1X2)
Added Component: Designator=R1(AXIAL-0.4)
Added Component: Designator=V1(TO-226-AA)
Added Pin To Net: NetName=3V3 Pin=P2-25
Added Pin To Net: NetName=3V3 Pin=P4-3
Added Net: Name=3V3
Added Pin To Net: NetName=5V Pin=D1-2
Added Pin To Net: NetName=5V Pin=P3-2
Added Pin To Net: NetName=5V Pin=P5-1
Added Net: Name=5V
Added Pin To Net: NetName=GND Pin=P1-26
Added Pin To Net: NetName=GND Pin=P3-10
Added Pin To Net: NetName=GND Pin=P4-4
Added Pin To Net: NetName=GND Pin=V1-3
Added Net: Name=GND
Added Pin To Net: NetName=NetD1_1 Pin=D1-1
Added Pin To Net: NetName=NetD1_1 Pin=P5-2
Added Pin To Net: NetName=NetD1_1 Pin=V1-1
Added Net: Name=NetD1_1
Added Pin To Net: NetName=NetP1_3 Pin=P1-3
Added Pin To Net: NetName=NetP1_3 Pin=P4-2
Added Net: Name=NetP1_3
Added Pin To Net: NetName=NetP1_18 Pin=P1-18
Added Pin To Net: NetName=NetP1_18 Pin=R1-1
Added Net: Name=NetP1_18
Added Pin To Net: NetName=NetR1_2 Pin=R1-2
Added Pin To Net: NetName=NetR1_2 Pin=V1-2
Added Net: Name=NetR1_2
Added Pin To Net: NetName=TXD Pin=P1-2
Added Pin To Net: NetName=TXD Pin=P4-1
Added Net: Name=TXD
