Added Component: Designator=A1(SOT223_L)
Added Component: Designator=C1(CAPPR2-5x6.8)
Added Component: Designator=C2(CAPPR2-5x6.8)
Added Component: Designator=R2(AXIAL-0.4)
Added Component: Designator=R3(AXIAL-0.4)
Added Component: Designator=R4(AXIAL-0.4)
Added Component: Designator=R5(AXIAL-0.4)
Added Component: Designator=V2(DO-41)
Added Pin To Net: NetName=GND Pin=A1-1
Added Pin To Net: NetName=3V3 Pin=A1-4
Added Pin To Net: NetName=GND Pin=C1-2
Added Pin To Net: NetName=3V3 Pin=C2-1
Added Pin To Net: NetName=GND Pin=C2-2
Added Pin To Net: NetName=GND Pin=R2-1
Added Pin To Net: NetName=NetH1_2 Pin=R2-2
Added Pin To Net: NetName=GND Pin=R3-1
Added Pin To Net: NetName=NetH2_2 Pin=R3-2
Added Pin To Net: NetName=GND Pin=R4-1
Added Pin To Net: NetName=NetH3_2 Pin=R4-2
Added Pin To Net: NetName=NetV1_1 Pin=V2-1
Added Pin To Net: NetName=NetR5_1 Pin=R5-1
Added Pin To Net: NetName=NetR5_1 Pin=V2-2
Added Pin To Net: NetName=NetR5_1 Pin=X5-1
Added Net: Name=NetR5_1
Added Pin To Net: NetName=VCC Pin=A1-3
Added Pin To Net: NetName=VCC Pin=C1-1
Added Pin To Net: NetName=VCC Pin=R5-2
Added Pin To Net: NetName=VCC Pin=X1-1
Added Net: Name=VCC
