Removed Parameter Price:0.93 kn from Part R2
Removed Parameter Price:0.93 kn from Part R3
Removed Parameter Price:0.93 kn from Part R4
Removed Parameter Price: from Part C1
Removed Parameter Price: from Part C2
Removed Parameter Price: from Part H1
Removed Parameter Price: from Part H2
Removed Parameter Price: from Part H3
Removed Parameter Price: from Part R1
Removed Parameter Price: from Part V1
Removed Parameter Price: from Part X1
Removed Parameter Price: from Part X2
Removed Parameter Price: from Part X3
Removed Parameter Price: from Part X4
Removed Parameter Price: from Part X5
Removed Parameter StockNo:1576459 from Part R2
Removed Parameter StockNo:1576459 from Part R3
Removed Parameter StockNo:1576459 from Part R4
Removed Parameter StockNo: from Part C1
Removed Parameter StockNo: from Part C2
Removed Parameter StockNo: from Part H1
Removed Parameter StockNo: from Part H2
Removed Parameter StockNo: from Part H3
Removed Parameter StockNo: from Part R1
Removed Parameter StockNo: from Part V1
Removed Parameter StockNo: from Part X1
Removed Parameter StockNo: from Part X2
Removed Parameter StockNo: from Part X3
Removed Parameter StockNo: from Part X4
Removed Parameter StockNo: from Part X5
Removed Parameter Supplier:Farnell from Part R2
Removed Parameter Supplier:Farnell from Part R3
Removed Parameter Supplier:Farnell from Part R4
Removed Parameter Supplier: from Part C1
Removed Parameter Supplier: from Part C2
Removed Parameter Supplier: from Part H1
Removed Parameter Supplier: from Part H2
Removed Parameter Supplier: from Part H3
Removed Parameter Supplier: from Part R1
Removed Parameter Supplier: from Part V1
Removed Parameter Supplier: from Part X1
Removed Parameter Supplier: from Part X2
Removed Parameter Supplier: from Part X3
Removed Parameter Supplier: from Part X4
Removed Parameter Supplier: from Part X5
