Added Parameter StockNo= to Part A1
Added Parameter StockNo= to Part C1
Added Parameter StockNo= to Part C2
Added Parameter StockNo= to Part H1
Added Parameter StockNo= to Part H2
Added Parameter StockNo= to Part H3
Added Parameter StockNo= to Part R1
Added Parameter StockNo= to Part R2
Added Parameter StockNo= to Part R3
Added Parameter StockNo= to Part R4
Added Parameter StockNo= to Part R5
Added Parameter StockNo= to Part V1
Added Parameter StockNo= to Part V2
Added Parameter StockNo= to Part X1
Added Parameter StockNo= to Part X2
Added Parameter StockNo= to Part X3
Added Parameter StockNo= to Part X4
Added Parameter StockNo= to Part X5
Added Parameter Supplier= to Part A1
Added Parameter Supplier= to Part C1
Added Parameter Supplier= to Part C2
Added Parameter Supplier= to Part H1
Added Parameter Supplier= to Part H2
Added Parameter Supplier= to Part H3
Added Parameter Supplier= to Part R1
Added Parameter Supplier= to Part R2
Added Parameter Supplier= to Part R3
Added Parameter Supplier= to Part R4
Added Parameter Supplier= to Part R5
Added Parameter Supplier= to Part V1
Added Parameter Supplier= to Part V2
Added Parameter Supplier= to Part X1
Added Parameter Supplier= to Part X2
Added Parameter Supplier= to Part X3
Added Parameter Supplier= to Part X4
Added Parameter Supplier= to Part X5
